2024-02-06 09:04:35,994 : INFO : test_logging : Information statement
2024-02-06 09:04:35,994 : WARNING : test_logging : Something is in warning mode
2024-02-06 09:04:35,994 : ERROR : test_logging : A Major error has happened
2024-02-06 09:04:35,994 : CRITICAL : test_logging : Critical issue
2024-02-06 09:04:52,274 : INFO : test_logging : Information statement
2024-02-06 09:04:52,275 : WARNING : test_logging : Something is in warning mode
2024-02-06 09:04:52,275 : ERROR : test_logging : A Major error has happened
2024-02-06 09:04:52,276 : CRITICAL : test_logging : Critical issue
2024-02-06 09:07:36,148 : INFO : test_logging : Information statement
2024-02-06 09:07:36,148 : WARNING : test_logging : Something is in warning mode
2024-02-06 09:07:36,148 : ERROR : test_logging : A Major error has happened
2024-02-06 09:07:36,148 : CRITICAL : test_logging : Critical issue
2024-02-06 09:07:53,081 : INFO : test_logging : Information statement
2024-02-06 09:07:53,081 : WARNING : test_logging : Something is in warning mode
2024-02-06 09:07:53,081 : ERROR : test_logging : A Major error has happened
2024-02-06 09:07:53,081 : CRITICAL : test_logging : Critical issue
2024-02-06 09:08:03,718 : INFO : test_logging : Information statement
2024-02-06 09:08:03,718 : WARNING : test_logging : Something is in warning mode
2024-02-06 09:08:03,718 : ERROR : test_logging : A Major error has happened
2024-02-06 09:08:03,718 : CRITICAL : test_logging : Critical issue
2024-02-06 17:17:34,915 : INFO : BaseClass : Alejandra
2024-02-06 17:18:45,986 : INFO : BaseClass : Alejandra
2024-02-06 17:18:45,986 : INFO : BaseClass : alejandra.evander@gmail.com
2024-02-07 08:31:51,768 : INFO : BaseClass : Alejandra
2024-02-07 08:31:51,769 : INFO : BaseClass : alejandra.evander@gmail.com
2024-02-07 08:32:00,718 : INFO : BaseClass : Alejandra
2024-02-07 08:32:00,718 : INFO : BaseClass : alejandra.evander@gmail.com
2024-02-07 08:43:21,616 : INFO : test_editProfile : Alejandra
2024-02-07 08:43:21,616 : INFO : test_editProfile : alejandra.evander@gmail.com
2024-02-07 08:44:55,354 : INFO : test_editProfile : Alejandra
2024-02-07 08:44:55,355 : INFO : test_editProfile : alejandra.evander@gmail.com
2024-02-07 08:44:55,360 : INFO : test_logging : Information statement
2024-02-07 08:44:55,360 : WARNING : test_logging : Something is in warning mode
2024-02-07 08:44:55,360 : ERROR : test_logging : A Major error has happened
2024-02-07 08:44:55,360 : CRITICAL : test_logging : Critical issue
2024-02-07 08:47:02,310 : INFO : test_editProfile : Alejandra
2024-02-07 08:47:02,311 : INFO : test_editProfile : alejandra.evander@gmail.com
2024-02-07 08:59:50,893 : INFO : test_editProfile : Alejandra
2024-02-07 08:59:50,894 : INFO : test_editProfile : alejandra.evander@gmail.com
2024-02-07 09:01:16,641 : INFO : test_editProfile : Alejandra
2024-02-07 09:01:16,641 : INFO : test_editProfile : alejandra.evander@gmail.com
2024-02-07 09:01:16,655 : INFO : test_logging : Information statement
2024-02-07 09:01:16,655 : WARNING : test_logging : Something is in warning mode
2024-02-07 09:01:16,656 : ERROR : test_logging : A Major error has happened
2024-02-07 09:01:16,656 : CRITICAL : test_logging : Critical issue
